<?xml version="1.0" encoding="UTF-8"?>
<testng-results skipped="0" failed="0" ignored="0" total="1" passed="1">
  <reporter-output>
  </reporter-output>
  <suite name="example.Test.NewSmokeTest" duration-ms="198684" started-at="2018-02-03T17:49:10Z" finished-at="2018-02-03T17:52:29Z">
    <groups>
    </groups>
    <test name="Command line test" duration-ms="198684" started-at="2018-02-03T17:49:10Z" finished-at="2018-02-03T17:52:29Z">
      <class name="example.Test.NewSmokeTest">
        <test-method status="PASS" signature="SetBase()[pri:0, instance:example.Test.NewSmokeTest@5419f379]" name="SetBase" is-config="true" duration-ms="18101" started-at="2018-02-03T23:18:52Z" finished-at="2018-02-03T23:19:10Z">
          <reporter-output>
          </reporter-output>
        </test-method> <!-- SetBase -->
        <test-method status="PASS" signature="f()[pri:0, instance:example.Test.NewSmokeTest@5419f379]" name="f" duration-ms="198671" started-at="2018-02-03T23:19:10Z" finished-at="2018-02-03T23:22:29Z">
          <reporter-output>
          </reporter-output>
        </test-method> <!-- f -->
      </class> <!-- example.Test.NewSmokeTest -->
    </test> <!-- Command line test -->
  </suite> <!-- example.Test.NewSmokeTest -->
</testng-results>
